10:37:15,317 INFO  [org.jboss.modules] JBoss Modules version 1.1.1.GA
10:37:16,393 INFO  [org.jboss.msc] JBoss MSC version 1.0.2.GA
10:37:16,497 INFO  [org.jboss.as] JBAS015899: JBoss AS 7.1.1.Final "Brontes" starting
10:37:16,500 DEBUG [org.jboss.as.config] Configured system properties:
	awt.toolkit = sun.awt.X11.XToolkit
	file.encoding = UTF-8
	file.encoding.pkg = sun.io
	file.separator = /
	java.awt.graphicsenv = sun.awt.X11GraphicsEnvironment
	java.awt.headless = true
	java.awt.printerjob = sun.print.PSPrinterJob
	java.class.path = /home/navssurtani/jboss-as-7.1.1.Final/jboss-modules.jar
	java.class.version = 51.0
	java.endorsed.dirs = /usr/java/jdk1.7.0_13/jre/lib/endorsed
	java.ext.dirs = /usr/java/jdk1.7.0_13/jre/lib/ext:/usr/java/packages/lib/ext
	java.home = /usr/java/jdk1.7.0_13/jre
	java.io.tmpdir = /tmp
	java.library.path = /usr/java/packages/lib/amd64:/usr/lib64:/lib64:/lib:/usr/lib
	java.net.preferIPv4Stack = true
	java.runtime.name = Java(TM) SE Runtime Environment
	java.runtime.version = 1.7.0_13-b20
	java.specification.name = Java Platform API Specification
	java.specification.vendor = Oracle Corporation
	java.specification.version = 1.7
	java.util.logging.manager = org.jboss.logmanager.LogManager
	java.vendor = Oracle Corporation
	java.vendor.url = http://java.oracle.com/
	java.vendor.url.bug = http://bugreport.sun.com/bugreport/
	java.version = 1.7.0_13
	java.vm.info = mixed mode
	java.vm.name = Java HotSpot(TM) 64-Bit Server VM
	java.vm.specification.name = Java Virtual Machine Specification
	java.vm.specification.vendor = Oracle Corporation
	java.vm.specification.version = 1.7
	java.vm.vendor = Oracle Corporation
	java.vm.version = 23.7-b01
	javax.management.builder.initial = org.jboss.as.jmx.PluggableMBeanServerBuilder
	javax.xml.datatype.DatatypeFactory = __redirected.__DatatypeFactory
	javax.xml.parsers.DocumentBuilderFactory = __redirected.__DocumentBuilderFactory
	javax.xml.parsers.SAXParserFactory = __redirected.__SAXParserFactory
	javax.xml.stream.XMLEventFactory = __redirected.__XMLEventFactory
	javax.xml.stream.XMLInputFactory = __redirected.__XMLInputFactory
	javax.xml.stream.XMLOutputFactory = __redirected.__XMLOutputFactory
	javax.xml.transform.TransformerFactory = __redirected.__TransformerFactory
	javax.xml.validation.SchemaFactory:http://www.w3.org/2001/XMLSchema = __redirected.__SchemaFactory
	javax.xml.xpath.XPathFactory:http://java.sun.com/jaxp/xpath/dom = __redirected.__XPathFactory
	jboss.bind.address = localhost
	jboss.home.dir = /home/navssurtani/jboss-as-7.1.1.Final
	jboss.host.name = lenovoautomatix
	jboss.modules.dir = /home/navssurtani/jboss-as-7.1.1.Final/modules
	jboss.modules.system.pkgs = org.jboss.byteman
	jboss.node.name = lenovoautomatix
	jboss.qualified.host.name = lenovoautomatix
	jboss.server.base.dir = /home/navssurtani/jboss-as-7.1.1.Final/standalone
	jboss.server.config.dir = /home/navssurtani/jboss-as-7.1.1.Final/standalone/configuration
	jboss.server.data.dir = /home/navssurtani/jboss-as-7.1.1.Final/standalone/data
	jboss.server.deploy.dir = /home/navssurtani/jboss-as-7.1.1.Final/standalone/data/content
	jboss.server.log.dir = /home/navssurtani/jboss-as-7.1.1.Final/standalone/log
	jboss.server.name = lenovoautomatix
	jboss.server.temp.dir = /home/navssurtani/jboss-as-7.1.1.Final/standalone/tmp
	line.separator = 

	logging.configuration = file:/home/navssurtani/jboss-as-7.1.1.Final/standalone/configuration/logging.properties
	module.path = /home/navssurtani/jboss-as-7.1.1.Final/modules
	org.jboss.boot.log.file = /home/navssurtani/jboss-as-7.1.1.Final/standalone/log/boot.log
	org.jboss.resolver.warning = true
	org.xml.sax.driver = __redirected.__XMLReaderFactory
	os.arch = amd64
	os.name = Linux
	os.version = 3.6.10-4.fc18.x86_64
	path.separator = :
	sun.arch.data.model = 64
	sun.boot.class.path = /usr/java/jdk1.7.0_13/jre/lib/resources.jar:/usr/java/jdk1.7.0_13/jre/lib/rt.jar:/usr/java/jdk1.7.0_13/jre/lib/sunrsasign.jar:/usr/java/jdk1.7.0_13/jre/lib/jsse.jar:/usr/java/jdk1.7.0_13/jre/lib/jce.jar:/usr/java/jdk1.7.0_13/jre/lib/charsets.jar:/usr/java/jdk1.7.0_13/jre/lib/jfr.jar:/usr/java/jdk1.7.0_13/jre/classes
	sun.boot.library.path = /usr/java/jdk1.7.0_13/jre/lib/amd64
	sun.cpu.endian = little
	sun.cpu.isalist = 
	sun.desktop = gnome
	sun.io.unicode.encoding = UnicodeLittle
	sun.java.command = org.jboss.modules.Main -mp /home/navssurtani/jboss-as-7.1.1.Final/modules -jaxpmodule javax.xml.jaxp-provider org.jboss.as.standalone -b localhost --server-config=standalone.xml
	sun.java.launcher = SUN_STANDARD
	sun.jnu.encoding = UTF-8
	sun.management.compiler = HotSpot 64-Bit Tiered Compilers
	sun.os.patch.level = unknown
	sun.rmi.dgc.client.gcInterval = 3600000
	sun.rmi.dgc.server.gcInterval = 3600000
	user.country = US
	user.dir = /home/navssurtani/jboss-as-7.1.1.Final/bin
	user.home = /home/navssurtani
	user.language = en
	user.name = navssurtani
	user.timezone = Asia/Singapore
10:37:16,520 DEBUG [org.jboss.as.config] VM Arguments: -Xms64m -Xmx512m -XX:MaxPermSize=256m -Djava.net.preferIPv4Stack=true -Dorg.jboss.resolver.warning=true -Dsun.rmi.dgc.client.gcInterval=3600000 -Dsun.rmi.dgc.server.gcInterval=3600000 -Djboss.modules.system.pkgs=org.jboss.byteman -Djava.awt.headless=true -Dorg.jboss.boot.log.file=/home/navssurtani/jboss-as-7.1.1.Final/standalone/log/boot.log -Dlogging.configuration=file:/home/navssurtani/jboss-as-7.1.1.Final/standalone/configuration/logging.properties -Djboss.home.dir=/home/navssurtani/jboss-as-7.1.1.Final -Dfile.encoding=UTF-8 
10:37:20,657 INFO  [org.jboss.as.server] JBAS015888: Creating http management service using socket-binding (management-http)
10:37:20,664 INFO  [org.xnio] XNIO Version 3.0.3.GA
10:37:20,685 INFO  [org.xnio.nio] XNIO NIO Implementation Version 3.0.3.GA
10:37:20,700 INFO  [org.jboss.remoting] JBoss Remoting version 3.2.3.GA
10:37:20,759 INFO  [org.jboss.as.logging] JBAS011502: Removing bootstrap log handlers
13:23:44,369 INFO  [org.jboss.as.logging] JBAS011503: Restored bootstrap log handlers
13:23:44,485 INFO  [org.jboss.weld.deployer] JBAS016009: Stopping weld service for deployment jboss-as-kitchensink-html5-mobile.war
13:23:44,495 INFO  [org.jboss.as.jpa] JBAS011403: Stopping Persistence Unit Service 'jboss-as-kitchensink-html5-mobile.war#primary'
13:23:44,498 INFO  [org.hibernate.tool.hbm2ddl.SchemaExport] HHH000227: Running hbm2ddl schema export
13:23:44,517 ERROR [org.hibernate.tool.hbm2ddl.SchemaExport] HHH000389: Unsuccessful: drop sequence hibernate_sequence
13:23:44,525 ERROR [org.hibernate.tool.hbm2ddl.SchemaExport] Sequence "HIBERNATE_SEQUENCE" not found; SQL statement:
drop sequence hibernate_sequence [90036-161]
13:23:44,533 INFO  [org.hibernate.tool.hbm2ddl.SchemaExport] HHH000230: Schema export complete
13:23:44,549 INFO  [com.arjuna.ats.jbossatx] ARJUNA032018: Destroying TransactionManagerService
13:23:44,554 INFO  [org.jboss.as.server.deployment] JBAS015877: Stopped deployment jboss-as-kitchensink-html5-mobile.war in 214ms
13:23:44,555 INFO  [com.arjuna.ats.jbossatx] ARJUNA032014: Stopping transaction recovery manager
13:23:44,564 INFO  [org.jboss.as] JBAS015950: JBoss AS 7.1.1.Final "Brontes" stopped in 197ms
